<?xml version="1.0" encoding="UTF-8"?>
<!-- Generated by org.testng.reporters.JUnitReportReporter -->
<testsuite hostname="DESKTOP-4N84MDJ" failures="0" tests="8" name="onpepper.Data_Analytics.Tests.Generated_Result_Validation" time="205.350" errors="0" timestamp="2024-07-16T11:11:42 IST" skipped="2">
  <testcase classname="onpepper.Data_Analytics.Tests.Generated_Result_Validation" name="checkdata" time="21.416"/>
  <system-out/>
  <testcase classname="onpepper.Data_Analytics.Tests.Generated_Result_Validation" name="checkCardName" time="20.982"/>
  <system-out/>
  <testcase classname="onpepper.Data_Analytics.Tests.Generated_Result_Validation" name="checkIntermediateMetricsFormula" time="118.595"/>
  <system-out/>
  <testcase classname="onpepper.Data_Analytics.Tests.Generated_Result_Validation" name="checkIntermediateMetrics" time="15.125"/>
  <system-out/>
  <testcase classname="onpepper.Data_Analytics.Tests.Generated_Result_Validation" name="checkWhatifDropdown" time="13.767"/>
  <system-out/>
  <testcase classname="onpepper.Data_Analytics.Tests.Generated_Result_Validation" name="uploadFile" time="15.465"/>
  <system-out/>
  <testcase classname="onpepper.Data_Analytics.Tests.Generated_Result_Validation" name="checkFormuladropdown">
    <skipped/>
  </testcase> <!-- checkFormuladropdown -->
  <system-out/>
  <testcase classname="onpepper.Data_Analytics.Tests.Generated_Result_Validation" name="getStartDate">
    <skipped/>
  </testcase> <!-- getStartDate -->
  <system-out/>
</testsuite> <!-- onpepper.Data_Analytics.Tests.Generated_Result_Validation -->
